{
  "/Users/garfield/Documents/pets/textoji/src/index.ts": {
    "path": "/Users/garfield/Documents/pets/textoji/src/index.ts",
    "statementMap": {
      "0": {
        "start": { "line": 1, "column": 0 },
        "end": { "line": 1, "column": 32 }
      },
      "1": {
        "start": { "line": 2, "column": 0 },
        "end": { "line": 2, "column": 47 }
      },
      "2": {
        "start": { "line": 3, "column": 0 },
        "end": { "line": 3, "column": 50 }
      },
      "3": {
        "start": { "line": 4, "column": 0 },
        "end": { "line": 4, "column": 45 }
      },
      "4": {
        "start": { "line": 5, "column": 0 },
        "end": { "line": 5, "column": 65 }
      },
      "5": {
        "start": { "line": 7, "column": 0 },
        "end": { "line": 7, "column": 44 }
      },
      "6": {
        "start": { "line": 8, "column": 0 },
        "end": { "line": 8, "column": 43 }
      },
      "7": {
        "start": { "line": 10, "column": 15 },
        "end": { "line": 10, "column": 30 }
      },
      "8": {
        "start": { "line": 12, "column": 14 },
        "end": { "line": 12, "column": 35 }
      },
      "9": {
        "start": { "line": 13, "column": 16 },
        "end": { "line": 13, "column": 31 }
      },
      "10": {
        "start": { "line": 14, "column": 22 },
        "end": { "line": 14, "column": 62 }
      },
      "11": {
        "start": { "line": 16, "column": 11 },
        "end": { "line": 19, "column": 2 }
      },
      "12": {
        "start": { "line": 21, "column": 0 },
        "end": { "line": 67, "column": 5 }
      },
      "13": {
        "start": { "line": 21, "column": 12 },
        "end": { "line": 67, "column": 2 }
      },
      "14": {
        "start": { "line": 22, "column": 17 },
        "end": { "line": 24, "column": 4 }
      },
      "15": {
        "start": { "line": 26, "column": 2 },
        "end": { "line": 36, "column": 5 }
      },
      "16": {
        "start": { "line": 27, "column": 28 },
        "end": { "line": 28, "column": null }
      },
      "17": {
        "start": { "line": 28, "column": 6 },
        "end": { "line": 28, "column": null }
      },
      "18": {
        "start": { "line": 28, "column": 31 },
        "end": { "line": 28, "column": 81 }
      },
      "19": {
        "start": { "line": 29, "column": 25 },
        "end": { "line": 30, "column": null }
      },
      "20": {
        "start": { "line": 30, "column": 6 },
        "end": { "line": 30, "column": null }
      },
      "21": {
        "start": { "line": 30, "column": 31 },
        "end": { "line": 30, "column": 83 }
      },
      "22": {
        "start": { "line": 31, "column": 26 },
        "end": { "line": 34, "column": null }
      },
      "23": {
        "start": { "line": 32, "column": 6 },
        "end": { "line": 34, "column": null }
      },
      "24": {
        "start": { "line": 33, "column": 8 },
        "end": { "line": 33, "column": 68 }
      },
      "25": {
        "start": { "line": 35, "column": 22 },
        "end": { "line": 35, "column": 38 }
      },
      "26": {
        "start": { "line": 38, "column": 2 },
        "end": { "line": 38, "column": 46 }
      },
      "27": {
        "start": { "line": 39, "column": 2 },
        "end": { "line": 39, "column": 37 }
      },
      "28": {
        "start": { "line": 41, "column": 2 },
        "end": { "line": 66, "column": 4 }
      },
      "29": {
        "start": { "line": 42, "column": 20 },
        "end": { "line": 64, "column": null }
      },
      "30": {
        "start": { "line": 43, "column": 6 },
        "end": { "line": 63, "column": 7 }
      },
      "31": {
        "start": { "line": 44, "column": 26 },
        "end": { "line": 44, "column": 52 }
      },
      "32": {
        "start": { "line": 46, "column": 27 },
        "end": { "line": 46, "column": 48 }
      },
      "33": {
        "start": { "line": 47, "column": 26 },
        "end": { "line": 47, "column": 42 }
      },
      "34": {
        "start": { "line": 48, "column": 39 },
        "end": { "line": 51, "column": null }
      },
      "35": {
        "start": { "line": 53, "column": 8 },
        "end": { "line": 60, "column": 10 }
      },
      "36": {
        "start": { "line": 62, "column": 8 },
        "end": { "line": 62, "column": 34 }
      }
    },
    "fnMap": {
      "0": {
        "name": "(anonymous_8)",
        "decl": {
          "start": { "line": 21, "column": 1 },
          "end": { "line": 21, "column": 10 }
        },
        "loc": {
          "start": { "line": 21, "column": 12 },
          "end": { "line": 67, "column": 2 }
        }
      },
      "1": {
        "name": "(anonymous_9)",
        "decl": {
          "start": { "line": 21, "column": 12 },
          "end": { "line": 21, "column": null }
        },
        "loc": {
          "start": { "line": 21, "column": 12 },
          "end": { "line": 67, "column": 1 }
        }
      },
      "2": {
        "name": "(anonymous_10)",
        "decl": {
          "start": { "line": 27, "column": 17 },
          "end": { "line": 27, "column": 26 }
        },
        "loc": {
          "start": { "line": 27, "column": 28 },
          "end": { "line": 28, "column": null }
        }
      },
      "3": {
        "name": "(anonymous_11)",
        "decl": {
          "start": { "line": 27, "column": 28 },
          "end": { "line": 27, "column": null }
        },
        "loc": {
          "start": { "line": 27, "column": 28 },
          "end": { "line": 28, "column": null }
        }
      },
      "4": {
        "name": "(anonymous_12)",
        "decl": {
          "start": { "line": 28, "column": 18 },
          "end": { "line": 28, "column": 19 }
        },
        "loc": {
          "start": { "line": 28, "column": 31 },
          "end": { "line": 28, "column": 81 }
        }
      },
      "5": {
        "name": "(anonymous_13)",
        "decl": {
          "start": { "line": 29, "column": 14 },
          "end": { "line": 29, "column": 23 }
        },
        "loc": {
          "start": { "line": 29, "column": 25 },
          "end": { "line": 30, "column": null }
        }
      },
      "6": {
        "name": "(anonymous_14)",
        "decl": {
          "start": { "line": 29, "column": 25 },
          "end": { "line": 29, "column": null }
        },
        "loc": {
          "start": { "line": 29, "column": 25 },
          "end": { "line": 30, "column": null }
        }
      },
      "7": {
        "name": "(anonymous_15)",
        "decl": {
          "start": { "line": 30, "column": 18 },
          "end": { "line": 30, "column": 19 }
        },
        "loc": {
          "start": { "line": 30, "column": 31 },
          "end": { "line": 30, "column": 83 }
        }
      },
      "8": {
        "name": "(anonymous_16)",
        "decl": {
          "start": { "line": 31, "column": 15 },
          "end": { "line": 31, "column": 24 }
        },
        "loc": {
          "start": { "line": 31, "column": 26 },
          "end": { "line": 34, "column": null }
        }
      },
      "9": {
        "name": "(anonymous_17)",
        "decl": {
          "start": { "line": 31, "column": 26 },
          "end": { "line": 31, "column": null }
        },
        "loc": {
          "start": { "line": 31, "column": 26 },
          "end": { "line": 34, "column": null }
        }
      },
      "10": {
        "name": "(anonymous_18)",
        "decl": {
          "start": { "line": 32, "column": 18 },
          "end": { "line": 32, "column": 19 }
        },
        "loc": {
          "start": { "line": 33, "column": 8 },
          "end": { "line": 33, "column": 68 }
        }
      },
      "11": {
        "name": "(anonymous_19)",
        "decl": {
          "start": { "line": 35, "column": 13 },
          "end": { "line": 35, "column": 14 }
        },
        "loc": {
          "start": { "line": 35, "column": 22 },
          "end": { "line": 35, "column": 38 }
        }
      },
      "12": {
        "name": "(anonymous_20)",
        "decl": {
          "start": { "line": 42, "column": 4 },
          "end": { "line": 42, "column": 11 }
        },
        "loc": {
          "start": { "line": 42, "column": 20 },
          "end": { "line": 64, "column": null }
        }
      },
      "13": {
        "name": "(anonymous_21)",
        "decl": {
          "start": { "line": 42, "column": 20 },
          "end": { "line": 42, "column": null }
        },
        "loc": {
          "start": { "line": 42, "column": 20 },
          "end": { "line": 64, "column": 5 }
        }
      }
    },
    "branchMap": {},
    "s": {
      "0": 0,
      "1": 0,
      "2": 0,
      "3": 0,
      "4": 0,
      "5": 0,
      "6": 0,
      "7": 0,
      "8": 0,
      "9": 0,
      "10": 0,
      "11": 0,
      "12": 0,
      "13": 0,
      "14": 0,
      "15": 0,
      "16": 0,
      "17": 0,
      "18": 0,
      "19": 0,
      "20": 0,
      "21": 0,
      "22": 0,
      "23": 0,
      "24": 0,
      "25": 0,
      "26": 0,
      "27": 0,
      "28": 0,
      "29": 0,
      "30": 0,
      "31": 0,
      "32": 0,
      "33": 0,
      "34": 0,
      "35": 0,
      "36": 0
    },
    "f": {
      "0": 0,
      "1": 0,
      "2": 0,
      "3": 0,
      "4": 0,
      "5": 0,
      "6": 0,
      "7": 0,
      "8": 0,
      "9": 0,
      "10": 0,
      "11": 0,
      "12": 0,
      "13": 0
    },
    "b": {}
  },
  "/Users/garfield/Documents/pets/textoji/src/config/config.ts": {
    "path": "/Users/garfield/Documents/pets/textoji/src/config/config.ts",
    "statementMap": {
      "0": {
        "start": { "line": 1, "column": 0 },
        "end": { "line": 1, "column": 24 }
      },
      "1": {
        "start": { "line": 2, "column": 0 },
        "end": { "line": 2, "column": 28 }
      },
      "2": {
        "start": { "line": 4, "column": 0 },
        "end": { "line": 4, "column": 60 }
      },
      "3": {
        "start": { "line": 18, "column": 18 },
        "end": { "line": 24, "column": 1 }
      },
      "4": {
        "start": { "line": 19, "column": 2 },
        "end": { "line": 23, "column": 4 }
      },
      "5": {
        "start": { "line": 26, "column": 27 },
        "end": { "line": 33, "column": 1 }
      },
      "6": {
        "start": { "line": 27, "column": 2 },
        "end": { "line": 31, "column": 3 }
      },
      "7": {
        "start": { "line": 28, "column": 4 },
        "end": { "line": 30, "column": 5 }
      },
      "8": {
        "start": { "line": 29, "column": 6 },
        "end": { "line": 29, "column": 58 }
      },
      "9": {
        "start": { "line": 32, "column": 2 },
        "end": { "line": 32, "column": 37 }
      },
      "10": {
        "start": { "line": 35, "column": 15 },
        "end": { "line": 35, "column": 26 }
      },
      "11": {
        "start": { "line": 37, "column": 13 },
        "end": { "line": 37, "column": 58 }
      }
    },
    "fnMap": {
      "0": {
        "name": "(anonymous_1)",
        "decl": {
          "start": { "line": 18, "column": 18 },
          "end": { "line": 18, "column": 26 }
        },
        "loc": {
          "start": { "line": 18, "column": 28 },
          "end": { "line": 24, "column": 1 }
        }
      },
      "1": {
        "name": "(anonymous_2)",
        "decl": {
          "start": { "line": 26, "column": 27 },
          "end": { "line": 26, "column": 28 }
        },
        "loc": {
          "start": { "line": 26, "column": 51 },
          "end": { "line": 33, "column": 1 }
        }
      }
    },
    "branchMap": {
      "0": {
        "loc": {
          "start": { "line": 28, "column": 4 },
          "end": { "line": 30, "column": 5 }
        },
        "type": "if",
        "locations": [
          {
            "start": { "line": 28, "column": 4 },
            "end": { "line": 30, "column": 5 }
          }
        ]
      }
    },
    "s": {
      "0": 0,
      "1": 0,
      "2": 0,
      "3": 0,
      "4": 0,
      "5": 0,
      "6": 0,
      "7": 0,
      "8": 0,
      "9": 0,
      "10": 0,
      "11": 0
    },
    "f": { "0": 0, "1": 0 },
    "b": { "0": [0] }
  },
  "/Users/garfield/Documents/pets/textoji/src/config/index.ts": {
    "path": "/Users/garfield/Documents/pets/textoji/src/config/index.ts",
    "statementMap": {
      "0": {
        "start": { "line": 1, "column": 0 },
        "end": { "line": 1, "column": 9 }
      },
      "1": {
        "start": { "line": 1, "column": 9 },
        "end": { "line": 1, "column": 42 }
      }
    },
    "fnMap": {
      "0": {
        "name": "(anonymous_0)",
        "decl": {
          "start": { "line": 1, "column": 9 },
          "end": { "line": 1, "column": 24 }
        },
        "loc": {
          "start": { "line": 1, "column": 9 },
          "end": { "line": 1, "column": 42 }
        }
      }
    },
    "branchMap": {},
    "s": { "0": 0, "1": 0 },
    "f": { "0": 0 },
    "b": {}
  },
  "/Users/garfield/Documents/pets/textoji/src/core/main.ts": {
    "path": "/Users/garfield/Documents/pets/textoji/src/core/main.ts",
    "statementMap": {
      "0": {
        "start": { "line": 1, "column": 0 },
        "end": { "line": 1, "column": 50 }
      },
      "1": {
        "start": { "line": 4, "column": 29 },
        "end": { "line": 17, "column": 1 }
      },
      "2": {
        "start": { "line": 5, "column": 23 },
        "end": { "line": 5, "column": 86 }
      },
      "3": {
        "start": { "line": 6, "column": 19 },
        "end": { "line": 6, "column": 33 }
      },
      "4": {
        "start": { "line": 7, "column": 36 },
        "end": { "line": 7, "column": 38 }
      },
      "5": {
        "start": { "line": 8, "column": 2 },
        "end": { "line": 15, "column": 5 }
      },
      "6": {
        "start": { "line": 9, "column": 22 },
        "end": { "line": 9, "column": 48 }
      },
      "7": {
        "start": { "line": 10, "column": 4 },
        "end": { "line": 13, "column": 5 }
      },
      "8": {
        "start": { "line": 11, "column": 6 },
        "end": { "line": 11, "column": 33 }
      },
      "9": {
        "start": { "line": 12, "column": 6 },
        "end": { "line": 12, "column": 13 }
      },
      "10": {
        "start": { "line": 14, "column": 4 },
        "end": { "line": 14, "column": 36 }
      },
      "11": {
        "start": { "line": 16, "column": 2 },
        "end": { "line": 16, "column": 34 }
      },
      "12": {
        "start": { "line": 4, "column": 13 },
        "end": { "line": 4, "column": 29 }
      }
    },
    "fnMap": {
      "0": {
        "name": "(anonymous_0)",
        "decl": {
          "start": { "line": 4, "column": 29 },
          "end": { "line": 4, "column": 30 }
        },
        "loc": {
          "start": { "line": 4, "column": 80 },
          "end": { "line": 17, "column": 1 }
        }
      },
      "1": {
        "name": "(anonymous_1)",
        "decl": {
          "start": { "line": 8, "column": 23 },
          "end": { "line": 8, "column": 24 }
        },
        "loc": {
          "start": { "line": 8, "column": 40 },
          "end": { "line": 15, "column": 3 }
        }
      }
    },
    "branchMap": {
      "0": {
        "loc": {
          "start": { "line": 4, "column": 44 },
          "end": { "line": 4, "column": 76 }
        },
        "type": "default-arg",
        "locations": [
          {
            "start": { "line": 4, "column": 71 },
            "end": { "line": 4, "column": 76 }
          }
        ]
      },
      "1": {
        "loc": {
          "start": { "line": 5, "column": 23 },
          "end": { "line": 5, "column": 86 }
        },
        "type": "cond-expr",
        "locations": [
          {
            "start": { "line": 5, "column": 41 },
            "end": { "line": 5, "column": 55 }
          },
          {
            "start": { "line": 5, "column": 58 },
            "end": { "line": 5, "column": 86 }
          }
        ]
      },
      "2": {
        "loc": {
          "start": { "line": 10, "column": 4 },
          "end": { "line": 13, "column": 5 }
        },
        "type": "if",
        "locations": [
          {
            "start": { "line": 10, "column": 4 },
            "end": { "line": 13, "column": 5 }
          }
        ]
      }
    },
    "s": {
      "0": 1,
      "1": 1,
      "2": 138,
      "3": 138,
      "4": 138,
      "5": 138,
      "6": 138,
      "7": 138,
      "8": 51,
      "9": 51,
      "10": 87,
      "11": 138,
      "12": 1
    },
    "f": { "0": 138, "1": 138 },
    "b": { "0": [127], "1": [11, 127], "2": [51] }
  },
  "/Users/garfield/Documents/pets/textoji/src/maps/emojiMap.ts": {
    "path": "/Users/garfield/Documents/pets/textoji/src/maps/emojiMap.ts",
    "statementMap": {
      "0": {
        "start": { "line": 5, "column": 13 },
        "end": { "line": 64, "column": 2 }
      },
      "1": {
        "start": { "line": 66, "column": 13 },
        "end": { "line": 116, "column": 2 }
      }
    },
    "fnMap": {},
    "branchMap": {},
    "s": { "0": 1, "1": 1 },
    "f": {},
    "b": {}
  },
  "/Users/garfield/Documents/pets/textoji/src/types/types.ts": {
    "path": "/Users/garfield/Documents/pets/textoji/src/types/types.ts",
    "statementMap": {
      "0": {
        "start": { "line": 1, "column": 13 },
        "end": { "line": 28, "column": 11 }
      },
      "1": {
        "start": { "line": 31, "column": 13 },
        "end": { "line": 65, "column": 11 }
      },
      "2": {
        "start": { "line": 68, "column": 13 },
        "end": { "line": 75, "column": 11 }
      },
      "3": {
        "start": { "line": 78, "column": 13 },
        "end": { "line": 89, "column": 11 }
      }
    },
    "fnMap": {},
    "branchMap": {},
    "s": { "0": 1, "1": 1, "2": 1, "3": 1 },
    "f": {},
    "b": {}
  }
}
