TN:
SF:src/index.ts
FN:21,(anonymous_8)
FN:21,(anonymous_9)
FN:27,(anonymous_10)
FN:27,(anonymous_11)
FN:28,(anonymous_12)
FN:29,(anonymous_13)
FN:29,(anonymous_14)
FN:30,(anonymous_15)
FN:31,(anonymous_16)
FN:31,(anonymous_17)
FN:32,(anonymous_18)
FN:35,(anonymous_19)
FN:42,(anonymous_20)
FN:42,(anonymous_21)
FNF:14
FNH:0
FNDA:0,(anonymous_8)
FNDA:0,(anonymous_9)
FNDA:0,(anonymous_10)
FNDA:0,(anonymous_11)
FNDA:0,(anonymous_12)
FNDA:0,(anonymous_13)
FNDA:0,(anonymous_14)
FNDA:0,(anonymous_15)
FNDA:0,(anonymous_16)
FNDA:0,(anonymous_17)
FNDA:0,(anonymous_18)
FNDA:0,(anonymous_19)
FNDA:0,(anonymous_20)
FNDA:0,(anonymous_21)
DA:1,0
DA:2,0
DA:3,0
DA:4,0
DA:5,0
DA:7,0
DA:8,0
DA:10,0
DA:12,0
DA:13,0
DA:14,0
DA:16,0
DA:21,0
DA:22,0
DA:26,0
DA:27,0
DA:28,0
DA:29,0
DA:30,0
DA:31,0
DA:32,0
DA:33,0
DA:35,0
DA:38,0
DA:39,0
DA:41,0
DA:42,0
DA:43,0
DA:44,0
DA:46,0
DA:47,0
DA:48,0
DA:53,0
DA:62,0
LF:34
LH:0
BRF:0
BRH:0
end_of_record
TN:
SF:src/config/config.ts
FN:18,(anonymous_1)
FN:26,(anonymous_2)
FNF:2
FNH:0
FNDA:0,(anonymous_1)
FNDA:0,(anonymous_2)
DA:1,0
DA:2,0
DA:4,0
DA:18,0
DA:19,0
DA:26,0
DA:27,0
DA:28,0
DA:29,0
DA:32,0
DA:35,0
DA:37,0
LF:12
LH:0
BRDA:28,0,0,0
BRF:1
BRH:0
end_of_record
TN:
SF:src/config/index.ts
FN:1,(anonymous_0)
FNF:1
FNH:0
FNDA:0,(anonymous_0)
DA:1,0
LF:1
LH:0
BRF:0
BRH:0
end_of_record
TN:
SF:src/core/main.ts
FN:4,(anonymous_0)
FN:8,(anonymous_1)
FNF:2
FNH:2
FNDA:138,(anonymous_0)
FNDA:138,(anonymous_1)
DA:1,1
DA:4,1
DA:5,138
DA:6,138
DA:7,138
DA:8,138
DA:9,138
DA:10,138
DA:11,51
DA:12,51
DA:14,87
DA:16,138
LF:12
LH:12
BRDA:4,0,0,127
BRDA:5,1,0,11
BRDA:5,1,1,127
BRDA:10,2,0,51
BRF:4
BRH:4
end_of_record
TN:
SF:src/maps/emojiMap.ts
FNF:0
FNH:0
DA:5,1
DA:66,1
LF:2
LH:2
BRF:0
BRH:0
end_of_record
TN:
SF:src/types/types.ts
FNF:0
FNH:0
DA:1,1
DA:31,1
DA:68,1
DA:78,1
LF:4
LH:4
BRF:0
BRH:0
end_of_record
